<?xml version="1.0" encoding="UTF-8"?>
<robot generator="Robot 7.3.2 (Python 3.10.5 on win32)" generated="2025-10-15T13:03:44.065071" rpa="false" schemaversion="5">
<suite id="s1" name="Main" source="c:\Users\spasi\OneDrive\Dokumenty\GitHub\software-testing-project\main.robot">
<kw name="Open browser and go to hamk.fi" type="SETUP">
<kw name="Open Browser" owner="SeleniumLibrary">
<msg time="2025-10-15T13:03:44.639467" level="WARN">exexcutable_path is being deprecated. Please use service to configure the driver's executable_path as per documentation.</msg>
<msg time="2025-10-15T13:03:44.644983" level="INFO">Opening browser 'chrome' to base url 'https://www.hamk.fi/'.</msg>
<arg>${url}</arg>
<arg>chrome</arg>
<arg>executable_path=C://chromedriver-win64/chromedriver.exe</arg>
<doc>Opens a new browser instance to the optional ``url``.</doc>
<status status="PASS" start="2025-10-15T13:03:44.639467" elapsed="5.692690"/>
</kw>
<kw name="Maximize Browser Window" owner="SeleniumLibrary">
<doc>Maximizes current browser window.</doc>
<status status="PASS" start="2025-10-15T13:03:50.333158" elapsed="0.110136"/>
</kw>
<kw name="Handle cookies and switch to english">
<kw name="Sleep" owner="BuiltIn">
<msg time="2025-10-15T13:03:53.492379" level="INFO">Slept 3 seconds.</msg>
<arg>3s</arg>
<doc>Pauses the test executed for the given time.</doc>
<status status="PASS" start="2025-10-15T13:03:50.444294" elapsed="3.051091"/>
</kw>
<kw name="Click Element" owner="SeleniumLibrary">
<msg time="2025-10-15T13:03:53.512161" level="INFO">Clicking element 'xpath=//a[text()="English"]'.</msg>
<arg>xpath=//a[text()="English"]</arg>
<doc>Click the element identified by ``locator``.</doc>
<status status="PASS" start="2025-10-15T13:03:53.497386" elapsed="1.569123"/>
</kw>
<kw name="Sleep" owner="BuiltIn">
<msg time="2025-10-15T13:03:56.068319" level="INFO">Slept 1 second.</msg>
<arg>1s</arg>
<doc>Pauses the test executed for the given time.</doc>
<status status="PASS" start="2025-10-15T13:03:55.066509" elapsed="1.002810"/>
</kw>
<kw name="Click Button" owner="SeleniumLibrary">
<msg time="2025-10-15T13:03:56.070319" level="INFO">Clicking button 'xpath=//button[text()="Allow all cookies"]'.</msg>
<arg>xpath=//button[text()="Allow all cookies"]</arg>
<doc>Clicks the button identified by ``locator``.</doc>
<status status="PASS" start="2025-10-15T13:03:56.070319" elapsed="0.219472"/>
</kw>
<status status="PASS" start="2025-10-15T13:03:50.444294" elapsed="5.847007"/>
</kw>
<status status="PASS" start="2025-10-15T13:03:44.638450" elapsed="11.652851"/>
</kw>
<test id="s1-t1" name="Test “Latest News” section articles" line="30">
<kw name="Sleep" owner="BuiltIn">
<msg time="2025-10-15T13:03:59.310069" level="INFO">Slept 3 seconds.</msg>
<arg>3s</arg>
<doc>Pauses the test executed for the given time.</doc>
<status status="PASS" start="2025-10-15T13:03:56.292309" elapsed="3.019277"/>
</kw>
<kw name="Set Variable" owner="BuiltIn">
<msg time="2025-10-15T13:03:59.314605" level="INFO">${parent_relative_buttons_location} = xpath=//div[@class="wp-block-buttons em-radiobutton-select__buttons"]/div/div/button</msg>
<var>${parent_relative_buttons_location}</var>
<arg>xpath=//div[@class="wp-block-buttons em-radiobutton-select__buttons"]/div/div/button</arg>
<doc>Returns the given values which can then be assigned to a variables.</doc>
<status status="PASS" start="2025-10-15T13:03:59.313602" elapsed="0.001003"/>
</kw>
<kw name="Get WebElements" owner="SeleniumLibrary">
<msg time="2025-10-15T13:03:59.366205" level="INFO">@{buttons} = [ &lt;selenium.webdriver.remote.webelement.WebElement (session="613d56ffc127d0ccf31bfb41c3b2e1ef", element="f.5F112A2163D2317604E6CA90266092B1.d.28A4C660D99DE2796BB2896C81DE4001.e.79")&gt; | &lt;selenium.webdr...</msg>
<var>@{buttons}</var>
<arg>${parent_relative_buttons_location}</arg>
<doc>Returns a list of WebElement objects matching the ``locator``.</doc>
<status status="PASS" start="2025-10-15T13:03:59.316603" elapsed="0.050599"/>
</kw>
<for flavor="IN">
<iter>
<kw name="Sleep" owner="BuiltIn">
<msg time="2025-10-15T13:04:01.383523" level="INFO">Slept 2 seconds.</msg>
<arg>2s</arg>
<doc>Pauses the test executed for the given time.</doc>
<status status="PASS" start="2025-10-15T13:03:59.370203" elapsed="2.014308"/>
</kw>
<kw name="Scroll Element Into View" owner="SeleniumLibrary">
<arg>${button}</arg>
<doc>Scrolls the element identified by ``locator`` into view.</doc>
<status status="PASS" start="2025-10-15T13:04:01.384511" elapsed="0.306596"/>
</kw>
<kw name="Click Button" owner="SeleniumLibrary">
<msg time="2025-10-15T13:04:01.695146" level="INFO">Clicking button '&lt;selenium.webdriver.remote.webelement.WebElement (session="613d56ffc127d0ccf31bfb41c3b2e1ef", element="f.5F112A2163D2317604E6CA90266092B1.d.28A4C660D99DE2796BB2896C81DE4001.e.79")&gt;'.</msg>
<arg>${button}</arg>
<doc>Clicks the button identified by ``locator``.</doc>
<status status="PASS" start="2025-10-15T13:04:01.693128" elapsed="0.223761"/>
</kw>
<kw name="Get Text" owner="SeleniumLibrary">
<msg time="2025-10-15T13:04:01.935955" level="INFO">${button_text} = Info</msg>
<var>${button_text}</var>
<arg>${button}</arg>
<doc>Returns the text value of the element identified by ``locator``.</doc>
<status status="PASS" start="2025-10-15T13:04:01.916889" elapsed="0.019066"/>
</kw>
<kw name="Log To Console" owner="BuiltIn">
<arg>${button_text}</arg>
<doc>Logs the given message to the console.</doc>
<status status="PASS" start="2025-10-15T13:04:01.936972" elapsed="0.000000"/>
</kw>
<kw name="Set Variable" owner="BuiltIn">
<msg time="2025-10-15T13:04:01.938421" level="INFO">${article_container} = div[@id="overflow-slider-1"]</msg>
<var>${article_container}</var>
<arg>div[@id="overflow-slider-1"]</arg>
<doc>Returns the given values which can then be assigned to a variables.</doc>
<status status="PASS" start="2025-10-15T13:04:01.937915" elapsed="0.000506"/>
</kw>
<kw name="Wait Until Element Is Visible" owner="SeleniumLibrary">
<arg>xpath=(//${article_container}//article)[1]</arg>
<doc>Waits until the element ``locator`` is visible.</doc>
<status status="PASS" start="2025-10-15T13:04:01.938421" elapsed="1.191384"/>
</kw>
<kw name="Click Element" owner="SeleniumLibrary">
<msg time="2025-10-15T13:04:03.131920" level="INFO">Clicking element 'xpath=(//div[@id="overflow-slider-1"]//article)[1]'.</msg>
<arg>xpath=(//${article_container}//article)[1]</arg>
<doc>Click the element identified by ``locator``.</doc>
<status status="PASS" start="2025-10-15T13:04:03.131313" elapsed="2.276218"/>
</kw>
<kw name="Page Should Contain" owner="SeleniumLibrary">
<msg time="2025-10-15T13:04:05.506241" level="INFO">Current page contains text 'Info'.</msg>
<arg>${button_text}</arg>
<doc>Verifies that current page contains ``text``.</doc>
<status status="PASS" start="2025-10-15T13:04:05.408529" elapsed="0.097712"/>
</kw>
<kw name="Go Back" owner="SeleniumLibrary">
<doc>Simulates the user clicking the back button on their browser.</doc>
<status status="PASS" start="2025-10-15T13:04:05.507242" elapsed="0.972919"/>
</kw>
<var name="${button}">&lt;selenium.webdriver.remote.webelement.WebElement (session="613d56ffc127d0ccf31bfb41c3b2e1ef", element="f.5F112A2163D2317604E6CA90266092B1.d.28A4C660D99DE2796BB2896C81DE4001.e.79")&gt;</var>
<status status="PASS" start="2025-10-15T13:03:59.370203" elapsed="7.109958"/>
</iter>
<iter>
<kw name="Sleep" owner="BuiltIn">
<msg time="2025-10-15T13:04:08.495192" level="INFO">Slept 2 seconds.</msg>
<arg>2s</arg>
<doc>Pauses the test executed for the given time.</doc>
<status status="PASS" start="2025-10-15T13:04:06.481158" elapsed="2.014034"/>
</kw>
<kw name="Scroll Element Into View" owner="SeleniumLibrary">
<msg time="2025-10-15T13:04:08.943502" level="INFO" html="true">&lt;/td&gt;&lt;/tr&gt;&lt;tr&gt;&lt;td colspan="3"&gt;&lt;a href="selenium-screenshot-1.png"&gt;&lt;img src="selenium-screenshot-1.png" width="800px"&gt;&lt;/a&gt;</msg>
<msg time="2025-10-15T13:04:08.944059" level="FAIL">StaleElementReferenceException: Message: stale element reference: stale element not found
  (Session info: chrome=141.0.7390.66)
Stacktrace:
	GetHandleVerifier [0x0x7ff7b9b030f5+79493]
	GetHandleVerifier [0x0x7ff7b9b03150+79584]
	(No symbol) [0x0x7ff7b98801ba]
	(No symbol) [0x0x7ff7b9896985]
	(No symbol) [0x0x7ff7b9895473]
	(No symbol) [0x0x7ff7b9888a57]
	(No symbol) [0x0x7ff7b9886910]
	(No symbol) [0x0x7ff7b988adef]
	(No symbol) [0x0x7ff7b988aeaf]
	(No symbol) [0x0x7ff7b98df594]
	(No symbol) [0x0x7ff7b98de7bb]
	(No symbol) [0x0x7ff7b99343d6]
	(No symbol) [0x0x7ff7b990070a]
	(No symbol) [0x0x7ff7b9928b8b]
	(No symbol) [0x0x7ff7b99004e3]
	(No symbol) [0x0x7ff7b98c8e92]
	(No symbol) [0x0x7ff7b98c9c63]
	GetHandleVerifier [0x0x7ff7b9dc0dbd+2954061]
	GetHandleVerifier [0x0x7ff7b9dbb02a+2930106]
	GetHandleVerifier [0x0x7ff7b9ddb357+3061991]
	GetHandleVerifier [0x0x7ff7b9b1d60e+187294]
	GetHandleVerifier [0x0x7ff7b9b2557f+219919]
	GetHandleVerifier [0x0x7ff7b9b0c294+116772]
	GetHandleVerifier [0x0x7ff7b9b0c449+117209]
	GetHandleVerifier [0x0x7ff7b9af2618+11176]
	BaseThreadInitThunk [0x0x7ffa3afbe8d7+23]
	RtlUserThreadStart [0x0x7ffa3d1c8d9c+44]
</msg>
<arg>${button}</arg>
<doc>Scrolls the element identified by ``locator`` into view.</doc>
<status status="FAIL" start="2025-10-15T13:04:08.496699" elapsed="0.452124">StaleElementReferenceException: Message: stale element reference: stale element not found
  (Session info: chrome=141.0.7390.66)
Stacktrace:
	GetHandleVerifier [0x0x7ff7b9b030f5+79493]
	GetHandleVerifier [0x0x7ff7b9b03150+79584]
	(No symbol) [0x0x7ff7b98801ba]
	(No symbol) [0x0x7ff7b9896985]
	(No symbol) [0x0x7ff7b9895473]
	(No symbol) [0x0x7ff7b9888a57]
	(No symbol) [0x0x7ff7b9886910]
	(No symbol) [0x0x7ff7b988adef]
	(No symbol) [0x0x7ff7b988aeaf]
	(No symbol) [0x0x7ff7b98df594]
	(No symbol) [0x0x7ff7b98de7bb]
	(No symbol) [0x0x7ff7b99343d6]
	(No symbol) [0x0x7ff7b990070a]
	(No symbol) [0x0x7ff7b9928b8b]
	(No symbol) [0x0x7ff7b99004e3]
	(No symbol) [0x0x7ff7b98c8e92]
	(No symbol) [0x0x7ff7b98c9c63]
	GetHandleVerifier [0x0x7ff7b9dc0dbd+2954061]
	GetHandleVerifier [0x0x7ff7b9dbb02a+2930106]
	GetHandleVerifier [0x0x7ff7b9ddb357+3061991]
	GetHandleVerifier [0x0x7ff7b9b1d60e+187294]
	GetHandleVerifier [0x0x7ff7b9b2557f+219919]
	GetHandleVerifier [0x0x7ff7b9b0c294+116772]
	GetHandleVerifier [0x0x7ff7b9b0c449+117209]
	GetHandleVerifier [0x0x7ff7b9af2618+11176]
	BaseThreadInitThunk [0x0x7ffa3afbe8d7+23]
	RtlUserThreadStart [0x0x7ffa3d1c8d9c+44]
</status>
</kw>
<kw name="Click Button" owner="SeleniumLibrary">
<arg>${button}</arg>
<doc>Clicks the button identified by ``locator``.</doc>
<status status="NOT RUN" start="2025-10-15T13:04:08.949351" elapsed="0.000000"/>
</kw>
<kw name="Get Text" owner="SeleniumLibrary">
<var>${button_text}</var>
<arg>${button}</arg>
<doc>Returns the text value of the element identified by ``locator``.</doc>
<status status="NOT RUN" start="2025-10-15T13:04:08.949351" elapsed="0.000525"/>
</kw>
<kw name="Log To Console" owner="BuiltIn">
<arg>${button_text}</arg>
<doc>Logs the given message to the console.</doc>
<status status="NOT RUN" start="2025-10-15T13:04:08.949876" elapsed="0.000611"/>
</kw>
<kw name="Set Variable" owner="BuiltIn">
<var>${article_container}</var>
<arg>div[@id="overflow-slider-1"]</arg>
<doc>Returns the given values which can then be assigned to a variables.</doc>
<status status="NOT RUN" start="2025-10-15T13:04:08.951014" elapsed="0.000000"/>
</kw>
<kw name="Wait Until Element Is Visible" owner="SeleniumLibrary">
<arg>xpath=(//${article_container}//article)[1]</arg>
<doc>Waits until the element ``locator`` is visible.</doc>
<status status="NOT RUN" start="2025-10-15T13:04:08.951568" elapsed="0.000000"/>
</kw>
<kw name="Click Element" owner="SeleniumLibrary">
<arg>xpath=(//${article_container}//article)[1]</arg>
<doc>Click the element identified by ``locator``.</doc>
<status status="NOT RUN" start="2025-10-15T13:04:08.951568" elapsed="0.000000"/>
</kw>
<kw name="Page Should Contain" owner="SeleniumLibrary">
<arg>${button_text}</arg>
<doc>Verifies that current page contains ``text``.</doc>
<status status="NOT RUN" start="2025-10-15T13:04:08.952136" elapsed="0.000000"/>
</kw>
<kw name="Go Back" owner="SeleniumLibrary">
<doc>Simulates the user clicking the back button on their browser.</doc>
<status status="NOT RUN" start="2025-10-15T13:04:08.952136" elapsed="0.000000"/>
</kw>
<var name="${button}">&lt;selenium.webdriver.remote.webelement.WebElement (session="613d56ffc127d0ccf31bfb41c3b2e1ef", element="f.5F112A2163D2317604E6CA90266092B1.d.28A4C660D99DE2796BB2896C81DE4001.e.80")&gt;</var>
<status status="FAIL" start="2025-10-15T13:04:06.481158" elapsed="2.471505">StaleElementReferenceException: Message: stale element reference: stale element not found
  (Session info: chrome=141.0.7390.66)
Stacktrace:
	GetHandleVerifier [0x0x7ff7b9b030f5+79493]
	GetHandleVerifier [0x0x7ff7b9b03150+79584]
	(No symbol) [0x0x7ff7b98801ba]
	(No symbol) [0x0x7ff7b9896985]
	(No symbol) [0x0x7ff7b9895473]
	(No symbol) [0x0x7ff7b9888a57]
	(No symbol) [0x0x7ff7b9886910]
	(No symbol) [0x0x7ff7b988adef]
	(No symbol) [0x0x7ff7b988aeaf]
	(No symbol) [0x0x7ff7b98df594]
	(No symbol) [0x0x7ff7b98de7bb]
	(No symbol) [0x0x7ff7b99343d6]
	(No symbol) [0x0x7ff7b990070a]
	(No symbol) [0x0x7ff7b9928b8b]
	(No symbol) [0x0x7ff7b99004e3]
	(No symbol) [0x0x7ff7b98c8e92]
	(No symbol) [0x0x7ff7b98c9c63]
	GetHandleVerifier [0x0x7ff7b9dc0dbd+2954061]
	GetHandleVerifier [0x0x7ff7b9dbb02a+2930106]
	GetHandleVerifier [0x0x7ff7b9ddb357+3061991]
	GetHandleVerifier [0x0x7ff7b9b1d60e+187294]
	GetHandleVerifier [0x0x7ff7b9b2557f+219919]
	GetHandleVerifier [0x0x7ff7b9b0c294+116772]
	GetHandleVerifier [0x0x7ff7b9b0c449+117209]
	GetHandleVerifier [0x0x7ff7b9af2618+11176]
	BaseThreadInitThunk [0x0x7ffa3afbe8d7+23]
	RtlUserThreadStart [0x0x7ffa3d1c8d9c+44]
</status>
</iter>
<var>${button}</var>
<value>@{buttons}</value>
<status status="FAIL" start="2025-10-15T13:03:59.368203" elapsed="9.584460">StaleElementReferenceException: Message: stale element reference: stale element not found
  (Session info: chrome=141.0.7390.66)
Stacktrace:
	GetHandleVerifier [0x0x7ff7b9b030f5+79493]
	GetHandleVerifier [0x0x7ff7b9b03150+79584]
	(No symbol) [0x0x7ff7b98801ba]
	(No symbol) [0x0x7ff7b9896985]
	(No symbol) [0x0x7ff7b9895473]
	(No symbol) [0x0x7ff7b9888a57]
	(No symbol) [0x0x7ff7b9886910]
	(No symbol) [0x0x7ff7b988adef]
	(No symbol) [0x0x7ff7b988aeaf]
	(No symbol) [0x0x7ff7b98df594]
	(No symbol) [0x0x7ff7b98de7bb]
	(No symbol) [0x0x7ff7b99343d6]
	(No symbol) [0x0x7ff7b990070a]
	(No symbol) [0x0x7ff7b9928b8b]
	(No symbol) [0x0x7ff7b99004e3]
	(No symbol) [0x0x7ff7b98c8e92]
	(No symbol) [0x0x7ff7b98c9c63]
	GetHandleVerifier [0x0x7ff7b9dc0dbd+2954061]
	GetHandleVerifier [0x0x7ff7b9dbb02a+2930106]
	GetHandleVerifier [0x0x7ff7b9ddb357+3061991]
	GetHandleVerifier [0x0x7ff7b9b1d60e+187294]
	GetHandleVerifier [0x0x7ff7b9b2557f+219919]
	GetHandleVerifier [0x0x7ff7b9b0c294+116772]
	GetHandleVerifier [0x0x7ff7b9b0c449+117209]
	GetHandleVerifier [0x0x7ff7b9af2618+11176]
	BaseThreadInitThunk [0x0x7ffa3afbe8d7+23]
	RtlUserThreadStart [0x0x7ffa3d1c8d9c+44]
</status>
</for>
<status status="FAIL" start="2025-10-15T13:03:56.291301" elapsed="12.662448">StaleElementReferenceException: Message: stale element reference: stale element not found
  (Session info: chrome=141.0.7390.66)
Stacktrace:
	GetHandleVerifier [0x0x7ff7b9b030f5+79493]
	GetHandleVerifier [0x0x7ff7b9b03150+79584]
	(No symbol) [0x0x7ff7b98801ba]
	(No symbol) [0x0x7ff7b9896985]
	(No symbol) [0x0x7ff7b9895473]
	(No symbol) [0x0x7ff7b9888a57]
	(No symbol) [0x0x7ff7b9886910]
	(No symbol) [0x0x7ff7b988adef]
	(No symbol) [0x0x7ff7b988aeaf]
	(No symbol) [0x0x7ff7b98df594]
	(No symbol) [0x0x7ff7b98de7bb]
	(No symbol) [0x0x7ff7b99343d6]
	(No symbol) [0x0x7ff7b990070a]
	(No symbol) [0x0x7ff7b9928b8b]
	(No symbol) [0x0x7ff7b99004e3]
	(No symbol) [0x0x7ff7b98c8e92]
	(No symbol) [0x0x7ff7b98c9c63]
	GetHandleVerifier [0x0x7ff7b9dc0dbd+2954061]
	GetHandleVerifier [0x0x7ff7b9dbb02a+2930106]
	GetHandleVerifier [0x0x7ff7b9ddb357+3061991]
	GetHandleVerifier [0x0x7ff7b9b1d60e+187294]
	GetHandleVerifier [0x0x7ff7b9b2557f+219919]
	GetHandleVerifier [0x0x7ff7b9b0c294+116772]
	GetHandleVerifier [0x0x7ff7b9b0c449+117209]
	GetHandleVerifier [0x0x7ff7b9af2618+11176]
	BaseThreadInitThunk [0x0x7ffa3afbe8d7+23]
	RtlUserThreadStart [0x0x7ffa3d1c8d9c+44]
</status>
</test>
<status status="FAIL" start="2025-10-15T13:03:44.073108" elapsed="24.883887"/>
</suite>
<statistics>
<total>
<stat pass="0" fail="1" skip="0">All Tests</stat>
</total>
<tag>
</tag>
<suite>
<stat name="Main" id="s1" pass="0" fail="1" skip="0">Main</stat>
</suite>
</statistics>
<errors>
<msg time="2025-10-15T13:03:44.639467" level="WARN">exexcutable_path is being deprecated. Please use service to configure the driver's executable_path as per documentation.</msg>
</errors>
</robot>
